<?xml version="1.0" encoding="UTF-8"?>
<!-- Generated by org.testng.reporters.JUnitReportReporter -->
<testsuite hostname="DESKTOP-7KBB9M5" failures="0" tests="2" name="com.phptravels.qa.admintc.AdminLoginPageTest" time="12.339" errors="0" timestamp="2022-05-04T21:19:45 IST" skipped="0">
  <testcase classname="com.phptravels.qa.admintc.AdminLoginPageTest" name="validateAdminLoginPage" time="5.940"/>
  <system-out/>
  <testcase classname="com.phptravels.qa.admintc.AdminLoginPageTest" name="loginAdmin" time="6.399"/>
  <system-out/>
</testsuite> <!-- com.phptravels.qa.admintc.AdminLoginPageTest -->
