<?xml version="1.0" encoding="UTF-8"?>
<!-- Generated by org.testng.reporters.JUnitReportReporter -->
<testsuite hostname="DESKTOP-7KBB9M5" failures="0" tests="2" name="com.phptravels.qa.admintc.AdminLoginPageTest" time="12.052" errors="0" timestamp="2022-05-06T22:41:12 IST" skipped="0">
  <testcase classname="com.phptravels.qa.admintc.AdminLoginPageTest" name="validateAdminLoginPage" time="5.818"/>
  <system-out/>
  <testcase classname="com.phptravels.qa.admintc.AdminLoginPageTest" name="loginAdmin" time="6.234"/>
  <system-out/>
</testsuite> <!-- com.phptravels.qa.admintc.AdminLoginPageTest -->
