<?xml version="1.0" encoding="UTF-8"?>
<!-- Generated by org.testng.reporters.JUnitReportReporter -->
<testsuite hostname="DESKTOP-7KBB9M5" failures="0" tests="1" name="com.phptravels.qa.admintc.AdminAddHotelPageTest" time="0.000" errors="0" timestamp="2022-05-03T14:27:49 IST" skipped="1">
  <testcase classname="com.phptravels.qa.admintc.AdminAddHotelPageTest" name="enterHotelDetails" time="0.000">
    <skipped/>
  </testcase> <!-- enterHotelDetails -->
  <system-out/>
</testsuite> <!-- com.phptravels.qa.admintc.AdminAddHotelPageTest -->
