<?xml version="1.0" encoding="UTF-8"?>
<!-- Generated by org.testng.reporters.JUnitReportReporter -->
<testsuite hostname="DESKTOP-7KBB9M5" failures="0" tests="2" name="com.phptravels.qa.customertc.CustomerLoginTest" time="16.631" errors="0" timestamp="2022-05-03T12:48:31 IST" skipped="0">
  <testcase classname="com.phptravels.qa.customertc.CustomerLoginTest" name="customerLoginTitleTest" time="6.960"/>
  <system-out/>
  <testcase classname="com.phptravels.qa.customertc.CustomerLoginTest" name="validateLoginCredentialsTest" time="9.671"/>
  <system-out/>
</testsuite> <!-- com.phptravels.qa.customertc.CustomerLoginTest -->
