<?xml version="1.0" encoding="UTF-8"?>
<!-- Generated by org.testng.reporters.JUnitReportReporter -->
<testsuite hostname="DESKTOP-7KBB9M5" failures="0" tests="3" name="com.phptravels.qa.customertc.CustomerHomePageTest" time="44.110" errors="0" timestamp="2022-05-03T12:48:31 IST" skipped="0">
  <testcase classname="com.phptravels.qa.customertc.CustomerHomePageTest" name="validateCustomerHomePageTitle" time="25.863"/>
  <system-out/>
  <testcase classname="com.phptravels.qa.customertc.CustomerHomePageTest" name="validateCustomerHomePageWelcomeMsg" time="9.463"/>
  <system-out/>
  <testcase classname="com.phptravels.qa.customertc.CustomerHomePageTest" name="clickOnAddFundsPage" time="8.784"/>
  <system-out/>
</testsuite> <!-- com.phptravels.qa.customertc.CustomerHomePageTest -->
