<?xml version="1.0" encoding="UTF-8"?>
<!-- Generated by org.testng.reporters.JUnitReportReporter -->
<testsuite hostname="DESKTOP-7KBB9M5" failures="0" tests="2" name="com.phptravels.qa.admintc.AdminLoginPageTest" time="11.035" errors="0" timestamp="2022-05-03T12:48:31 IST" skipped="0">
  <testcase classname="com.phptravels.qa.admintc.AdminLoginPageTest" name="validateAdminLoginPage" time="5.280"/>
  <system-out/>
  <testcase classname="com.phptravels.qa.admintc.AdminLoginPageTest" name="loginAdmin" time="5.755"/>
  <system-out/>
</testsuite> <!-- com.phptravels.qa.admintc.AdminLoginPageTest -->
