<?xml version="1.0" encoding="UTF-8"?>
<!-- Generated by org.testng.reporters.JUnitReportReporter -->
<testsuite hostname="DESKTOP-7KBB9M5" failures="0" tests="2" name="com.phptravels.qa.admintc.AdminAddHotelPageTest" time="38.084" errors="0" timestamp="2022-05-02T21:15:09 IST" skipped="0">
  <testcase classname="com.phptravels.qa.admintc.AdminAddHotelPageTest" name="enterHotelDetails" time="17.836"/>
  <system-out/>
  <testcase classname="com.phptravels.qa.admintc.AdminAddHotelPageTest" name="enterHotelDetails" time="20.248"/>
  <system-out/>
</testsuite> <!-- com.phptravels.qa.admintc.AdminAddHotelPageTest -->
