<?xml version="1.0" encoding="UTF-8"?>
<!-- Generated by org.testng.reporters.JUnitReportReporter -->
<testsuite hostname="DESKTOP-7KBB9M5" failures="0" tests="2" name="com.phptravels.qa.admintc.AdminLoginPageTest" time="16.080" errors="0" timestamp="2022-05-03T12:30:34 IST" skipped="0">
  <testcase classname="com.phptravels.qa.admintc.AdminLoginPageTest" name="validateAdminLoginPage" time="6.675"/>
  <system-out/>
  <testcase classname="com.phptravels.qa.admintc.AdminLoginPageTest" name="loginAdmin" time="9.405"/>
  <system-out/>
</testsuite> <!-- com.phptravels.qa.admintc.AdminLoginPageTest -->
