<?xml version="1.0" encoding="UTF-8"?>
<!-- Generated by org.testng.reporters.JUnitReportReporter -->
<testsuite hostname="DESKTOP-7KBB9M5" failures="0" tests="3" name="com.phptravels.qa.testcases.CustomerHomePageTest" time="23.894" errors="0" timestamp="2022-04-28T13:16:21 IST" skipped="0">
  <testcase classname="com.phptravels.qa.testcases.CustomerHomePageTest" name="validateCustomerHomePageTitle" time="6.940"/>
  <system-out/>
  <testcase classname="com.phptravels.qa.testcases.CustomerHomePageTest" name="validateCustomerHomePageWelcomeMsg" time="6.963"/>
  <system-out/>
  <testcase classname="com.phptravels.qa.testcases.CustomerHomePageTest" name="clickOnAddFundsPage" time="9.991"/>
  <system-out/>
</testsuite> <!-- com.phptravels.qa.testcases.CustomerHomePageTest -->
