<?xml version="1.0" encoding="UTF-8"?>
<!-- Generated by org.testng.reporters.JUnitReportReporter -->
<testsuite hostname="DESKTOP-7KBB9M5" failures="0" tests="2" name="com.phptravels.qa.testcases.CustomerLoginTest" time="15.707" errors="0" timestamp="2022-04-28T13:25:44 IST" skipped="0">
  <testcase classname="com.phptravels.qa.testcases.CustomerLoginTest" name="customerLoginTitleTest" time="5.632"/>
  <system-out/>
  <testcase classname="com.phptravels.qa.testcases.CustomerLoginTest" name="validateLoginCredentialsTest" time="10.075"/>
  <system-out/>
</testsuite> <!-- com.phptravels.qa.testcases.CustomerLoginTest -->
