<?xml version="1.0" encoding="UTF-8"?>
<!-- Generated by org.testng.reporters.JUnitReportReporter -->
<testsuite hostname="DESKTOP-7KBB9M5" failures="0" tests="2" name="com.phptravels.qa.admintc.AdminHomePageTest" time="17.539" errors="0" timestamp="2022-05-03T12:20:29 IST" skipped="1">
  <testcase classname="com.phptravels.qa.admintc.AdminHomePageTest" name="clickHotelPage" time="17.539"/>
  <system-out/>
  <testcase classname="com.phptravels.qa.admintc.AdminHomePageTest" name="validateMenu">
    <skipped/>
  </testcase> <!-- validateMenu -->
  <system-out/>
</testsuite> <!-- com.phptravels.qa.admintc.AdminHomePageTest -->
