<?xml version="1.0" encoding="UTF-8"?>
<!-- Generated by org.testng.reporters.JUnitReportReporter -->
<testsuite hostname="DESKTOP-7KBB9M5" failures="0" tests="1" name="com.phptravels.qa.admintc.AdminHotelPageTest" time="20.047" errors="0" timestamp="2022-05-03T12:20:59 IST" skipped="0">
  <testcase classname="com.phptravels.qa.admintc.AdminHotelPageTest" name="addHotel" time="20.047"/>
  <system-out/>
</testsuite> <!-- com.phptravels.qa.admintc.AdminHotelPageTest -->
