<?xml version="1.0" encoding="UTF-8"?>
<!-- Generated by org.testng.reporters.JUnitReportReporter -->
<testsuite hostname="DESKTOP-7KBB9M5" failures="0" tests="2" name="com.phptravels.qa.admintc.AdminAddHotelPageTest" time="48.573" errors="0" timestamp="2022-05-03T21:24:26 IST" skipped="0">
  <testcase classname="com.phptravels.qa.admintc.AdminAddHotelPageTest" name="enterHotelDetails" time="23.625"/>
  <system-out/>
  <testcase classname="com.phptravels.qa.admintc.AdminAddHotelPageTest" name="enterHotelDetails" time="24.948"/>
  <system-out/>
</testsuite> <!-- com.phptravels.qa.admintc.AdminAddHotelPageTest -->
